<?xml version="1.0" encoding="UTF-8"?>
<!-- Generated by org.testng.reporters.JUnitXMLReporter -->
<testsuite hostname="vibha.local" ignored="3" name="SanityTest" tests="11" failures="0" timestamp="27 Aug 2019 10:19:00 GMT" time="217.289" errors="0">
  <testcase name="SearchHomeForSaleByLocation" time="12.483" classname="com.zoopla.testcases.HomePageTestCase"/>
  <testcase name="VerifyPageTitle" time="0.013" classname="com.zoopla.testcases.HomePageTestCase"/>
  <testcase name="clickOnSelectedPropertyTestCase" time="14.305" classname="com.zoopla.testcases.PropertyListPageTestCase"/>
  <testcase name="printAllPropertyPriceTestCase" time="10.033" classname="com.zoopla.testcases.PropertyListPageTestCase"/>
  <testcase name="printCountOfPropertiesDisplayedTestCase" time="8.866" classname="com.zoopla.testcases.PropertyListPageTestCase"/>
  <testcase name="printPropertyPriceInSortedOrderTestCase" time="9.079" classname="com.zoopla.testcases.PropertyListPageTestCase"/>
  <testcase name="printSelectedPropertyPriceTestCase" time="8.887" classname="com.zoopla.testcases.PropertyListPageTestCase"/>
  <testcase name="clickOnAgentNameTestCase" time="4.658" classname="com.zoopla.testcases.PropertyDetailsPageTestCase"/>
  <testcase name="getAgentDetailsTestCase" time="3.199" classname="com.zoopla.testcases.PropertyDetailsPageTestCase"/>
  <testcase name="verifyAgentNameTestCase" time="1.075" classname="com.zoopla.testcases.AgentPageTestCase"/>
  <testcase name="verifyAgentPhoneNumberTestCase" time="1.065" classname="com.zoopla.testcases.AgentPageTestCase"/>
  <testcase name="@AfterSuite terminateDriver" time="0.0" classname="com.zoopla.base.BaseClass">
    <ignored/>
  </testcase> <!-- @AfterSuite terminateDriver -->
  <testcase name="@AfterSuite terminateDriver" time="0.0" classname="com.zoopla.base.BaseClass">
    <ignored/>
  </testcase> <!-- @AfterSuite terminateDriver -->
  <testcase name="@AfterSuite terminateDriver" time="0.0" classname="com.zoopla.base.BaseClass">
    <ignored/>
  </testcase> <!-- @AfterSuite terminateDriver -->
</testsuite> <!-- SanityTest -->
