<?xml version="1.0" encoding="UTF-8"?>
<!-- Generated by org.testng.reporters.JUnitXMLReporter -->
<testsuite hostname="vibha.local" ignored="3" name="Command line test" tests="11" failures="0" timestamp="27 Aug 2019 08:29:42 GMT" time="223.433" errors="0">
  <testcase name="verifyAgentNameTestCase" time="1.097" classname="com.zoopla.testcases.AgentPageTestCase"/>
  <testcase name="verifyAgentPhoneNumberTestCase" time="1.087" classname="com.zoopla.testcases.AgentPageTestCase"/>
  <testcase name="SearchHomeForSaleByLocation" time="8.509" classname="com.zoopla.testcases.HomePageTestCase"/>
  <testcase name="VerifyPageTitle" time="0.008" classname="com.zoopla.testcases.HomePageTestCase"/>
  <testcase name="clickOnAgentNameTestCase" time="4.952" classname="com.zoopla.testcases.PropertyDetailsPageTestCase"/>
  <testcase name="getAgentDetailsTestCase" time="3.29" classname="com.zoopla.testcases.PropertyDetailsPageTestCase"/>
  <testcase name="clickOnSelectedPropertyTestCase" time="17.349" classname="com.zoopla.testcases.PropertyListPageTestCase"/>
  <testcase name="printAllPropertyPriceTestCase" time="10.128" classname="com.zoopla.testcases.PropertyListPageTestCase"/>
  <testcase name="printCountOfPropertiesDisplayedTestCase" time="8.687" classname="com.zoopla.testcases.PropertyListPageTestCase"/>
  <testcase name="printPropertyPriceInSortedOrderTestCase" time="10.873" classname="com.zoopla.testcases.PropertyListPageTestCase"/>
  <testcase name="printSelectedPropertyPriceTestCase" time="10.723" classname="com.zoopla.testcases.PropertyListPageTestCase"/>
  <testcase name="@AfterSuite terminateDriver" time="0.0" classname="com.zoopla.base.BaseClass">
    <ignored/>
  </testcase> <!-- @AfterSuite terminateDriver -->
  <testcase name="@AfterSuite terminateDriver" time="0.0" classname="com.zoopla.base.BaseClass">
    <ignored/>
  </testcase> <!-- @AfterSuite terminateDriver -->
  <testcase name="@AfterSuite terminateDriver" time="0.0" classname="com.zoopla.base.BaseClass">
    <ignored/>
  </testcase> <!-- @AfterSuite terminateDriver -->
</testsuite> <!-- Command line test -->
