<?xml version="1.0" encoding="UTF-8" ?>
<testsuite tests="11" failures="0" name="TestSuite" time="76.706" errors="0" skipped="0">
  <properties>
[...]
</properties>
  <testcase classname="com.zoopla.testcases.AgentPageTestCase" name="verifyAgentNameTestCase" time="1.099"/>
  <testcase classname="com.zoopla.testcases.AgentPageTestCase" name="verifyAgentPhoneNumberTestCase" time="1.087"/>
  <testcase classname="com.zoopla.testcases.HomePageTestCase" name="SearchHomeForSaleByLocation" time="8.509"/>
  <testcase classname="com.zoopla.testcases.HomePageTestCase" name="VerifyPageTitle" time="0.008"/>
  <testcase classname="com.zoopla.testcases.PropertyDetailsPageTestCase" name="clickOnAgentNameTestCase" time="4.953"/>
  <testcase classname="com.zoopla.testcases.PropertyDetailsPageTestCase" name="getAgentDetailsTestCase" time="3.289"/>
  <testcase classname="com.zoopla.testcases.PropertyListPageTestCase" name="clickOnSelectedPropertyTestCase" time="17.349"/>
  <testcase classname="com.zoopla.testcases.PropertyListPageTestCase" name="printAllPropertyPriceTestCase" time="10.128"/>
  <testcase classname="com.zoopla.testcases.PropertyListPageTestCase" name="printCountOfPropertiesDisplayedTestCase" time="8.687"/>
  <testcase classname="com.zoopla.testcases.PropertyListPageTestCase" name="printPropertyPriceInSortedOrderTestCase" time="10.874"/>
  <testcase classname="com.zoopla.testcases.PropertyListPageTestCase" name="printSelectedPropertyPriceTestCase" time="10.723"/>
</testsuite>